
-------------------------------------------------------------------------------

12/20/11: [Using Csound repository commit 9c175a1 (12/19/2011)]

Variable name conflict for 'OUT':
- 'OUT' defined as a macro in mingw/include/rpcdce.h
- 'OUT' defined as a struct in csound/src/H/aops.h
- Fixed by undefining OUT (if defined) at the top of aops.h

Undefined reference to `cpumeter_localops_init':
- Fixed by removing 'cpumeter_localops_init' function declaration and
   'staticmodules' array element

-------------------------------------------------------------------------------

12/21/11: [Using Csound repository commit ab2c234 (12/20/2011)]

No issues.

-------------------------------------------------------------------------------

9/23/12: [Using Csound repository commit 23a9788 (9/23/2012)]

Undefined references to vbap init functions:
- Fixed by removing vbap opcodes

-------------------------------------------------------------------------------

7/24/13: [Using csound repository commit c948ec4 (7/3/2013)

H/ugens6.h and Opcodes/fout.h had to be overwritten manually after the xcopy
 was done.  I don't know why.
 
 Undefined references to vbap init functions:
 - Fixed by removing vbap opcodes
 
 Undefined references to circular buffer functions:
 - Fixed by adding InOut/circularbuffer.c
 
-------------------------------------------------------------------------------
